<?xml version="1.0" encoding="UTF-8"?>
<!-- Generated by org.testng.reporters.JUnitXMLReporter -->
<testsuite ignored="0" hostname="a5472b16ad595d8" failures="0" tests="6" name="Default test" time="0.263" errors="0" timestamp="2025-08-01T04:57:22 IST">
  <testcase classname="firstartifact.FactoryTest" name="testbrowser" time="0.066"/>
  <testcase classname="firstartifact.FactoryTest" name="testbrowser" time="0.005"/>
  <testcase classname="firstartifact.FactoryTest" name="testbrowser" time="0.006"/>
  <testcase classname="firstartifact.FactoryTest" name="testspecificfeature" time="0.003"/>
  <testcase classname="firstartifact.FactoryTest" name="testspecificfeature" time="0.004"/>
  <testcase classname="firstartifact.FactoryTest" name="testspecificfeature" time="0.006"/>
</testsuite> <!-- Default test -->
