<?xml version="1.0" encoding="UTF-8"?>
<!-- Generated by org.testng.reporters.JUnitXMLReporter -->
<testsuite ignored="0" hostname="a5472b16ad595d8" failures="0" tests="10" name="Test" time="0.356" errors="0" timestamp="2025-07-31T21:22:19 IST">
  <testcase classname="firstartifact.Dataprovidertest" name="login" time="0.097"/>
  <testcase classname="firstartifact.Dataprovidertest" name="login" time="0.008"/>
  <testcase classname="firstartifact.Dataprovidertest" name="login" time="0.007"/>
  <testcase classname="firstartifact.Dataprovidertest" name="login2" time="0.006"/>
  <testcase classname="firstartifact.Dataprovidertest" name="mullogin" time="0.012"/>
  <testcase classname="firstartifact.Dataprovidertest" name="mullogin" time="0.003"/>
  <testcase classname="firstartifact.Dataprovidertest" name="mullogin" time="0.003"/>
  <testcase classname="firstartifact.Dataprovidertest" name="testexternaldata" time="0.005"/>
  <testcase classname="firstartifact.Dataprovidertest" name="testexternaldata" time="0.002"/>
  <testcase classname="firstartifact.Dataprovidertest" name="testexternaldata" time="0.002"/>
</testsuite> <!-- Test -->
