<?xml version="1.0" encoding="UTF-8"?>
<testsuite xmlns:xsi="http://www.w3.org/2001/XMLSchema-instance" xsi:noNamespaceSchemaLocation="https://maven.apache.org/surefire/maven-surefire-plugin/xsd/surefire-test-report-3.0.xsd" version="3.0" name="firstartifact.FactoryTest" time="1.004" tests="2" errors="0" skipped="0" failures="0">
  <properties>
[...]
</properties>
  <testcase name="testbrowser" classname="firstartifact.FactoryTest" time="0.146">
    <system-out><![CDATA[testing browser method---Surefire test
]]></system-out>
  </testcase>
  <testcase name="testspecificfeature" classname="firstartifact.FactoryTest" time="0.001">
    <system-out><![CDATA[testing specific browser feature---Surefire test
]]></system-out>
  </testcase>
</testsuite>