<?xml version="1.0" encoding="UTF-8"?>
<testng-results ignored="0" total="2" passed="2" failed="0" skipped="0">
  <reporter-output>
  </reporter-output>
  <suite started-at="2025-07-27T20:57:53 IST" name="Surefire suite" finished-at="2025-07-27T20:57:53 IST" duration-ms="198">
    <groups>
    </groups>
    <test started-at="2025-07-27T20:57:53 IST" name="Surefire test" finished-at="2025-07-27T20:57:53 IST" duration-ms="198">
      <class name="firstartifact.FactoryTest">
        <test-method signature="testbrowser()[pri:0, instance:firstartifact.FactoryTest@11392934]" started-at="2025-07-27T20:57:53 IST" name="testbrowser" finished-at="2025-07-27T20:57:53 IST" duration-ms="61" status="PASS">
          <reporter-output>
          </reporter-output>
        </test-method> <!-- testbrowser -->
        <test-method signature="testspecificfeature()[pri:0, instance:firstartifact.FactoryTest@11392934]" started-at="2025-07-27T20:57:53 IST" name="testspecificfeature" finished-at="2025-07-27T20:57:53 IST" duration-ms="4" status="PASS">
          <reporter-output>
          </reporter-output>
        </test-method> <!-- testspecificfeature -->
      </class> <!-- firstartifact.FactoryTest -->
    </test> <!-- Surefire test -->
  </suite> <!-- Surefire suite -->
</testng-results>
