<?xml version="1.0" encoding="UTF-8"?>
<testng-results ignored="0" total="6" passed="6" failed="0" skipped="0">
  <reporter-output>
  </reporter-output>
  <suite started-at="2025-08-01T04:57:22 IST" name="Default suite" finished-at="2025-08-01T04:57:22 IST" duration-ms="263">
    <groups>
    </groups>
    <test started-at="2025-08-01T04:57:22 IST" name="Default test" finished-at="2025-08-01T04:57:22 IST" duration-ms="263">
      <class name="firstartifact.FactoryTest">
        <test-method signature="testbrowser()[pri:0, instance:firstartifact.FactoryTest@352ff4da, instance params:[]]" started-at="2025-08-01T04:57:22 IST" name="testbrowser" finished-at="2025-08-01T04:57:22 IST" duration-ms="66" status="PASS">
          <reporter-output>
          </reporter-output>
        </test-method> <!-- testbrowser -->
        <test-method signature="testbrowser()[pri:0, instance:firstartifact.FactoryTest@4e928fbf, instance params:[]]" started-at="2025-08-01T04:57:22 IST" name="testbrowser" finished-at="2025-08-01T04:57:22 IST" duration-ms="5" status="PASS">
          <reporter-output>
          </reporter-output>
        </test-method> <!-- testbrowser -->
        <test-method signature="testbrowser()[pri:0, instance:firstartifact.FactoryTest@f627d13, instance params:[]]" started-at="2025-08-01T04:57:22 IST" name="testbrowser" finished-at="2025-08-01T04:57:22 IST" duration-ms="6" status="PASS">
          <reporter-output>
          </reporter-output>
        </test-method> <!-- testbrowser -->
        <test-method signature="testspecificfeature()[pri:0, instance:firstartifact.FactoryTest@352ff4da, instance params:[]]" started-at="2025-08-01T04:57:22 IST" name="testspecificfeature" finished-at="2025-08-01T04:57:22 IST" duration-ms="3" status="PASS">
          <reporter-output>
          </reporter-output>
        </test-method> <!-- testspecificfeature -->
        <test-method signature="testspecificfeature()[pri:0, instance:firstartifact.FactoryTest@4e928fbf, instance params:[]]" started-at="2025-08-01T04:57:22 IST" name="testspecificfeature" finished-at="2025-08-01T04:57:22 IST" duration-ms="4" status="PASS">
          <reporter-output>
          </reporter-output>
        </test-method> <!-- testspecificfeature -->
        <test-method signature="testspecificfeature()[pri:0, instance:firstartifact.FactoryTest@f627d13, instance params:[]]" started-at="2025-08-01T04:57:22 IST" name="testspecificfeature" finished-at="2025-08-01T04:57:22 IST" duration-ms="6" status="PASS">
          <reporter-output>
          </reporter-output>
        </test-method> <!-- testspecificfeature -->
      </class> <!-- firstartifact.FactoryTest -->
    </test> <!-- Default test -->
  </suite> <!-- Default suite -->
</testng-results>
